一、 EUtils一期 (v1.0.0)
  1. dateFormat;
  2. getUrlParam;
  3. setUrlParam;
  4. replace;
  5. replaceAll;
  6. toLower;
  7. toUpper;
  8. trim;

二、EUtils二期 (v1.1.0)
  1. 生成唯一key（react列表渲染用）－ generateUUID; - yhm
  2. getCookie; - cy
  3. deleteCookie; - cy
  4. setCookie; - cy
  5. 对象属性深层检测; - null
  6. 深层对象取值; - null
  7. 数组indexOf; - jgs
  8. 数组的交集并集; - fl

三、EUtils三期 (v1.2.0)
  1.  数组求最大值： max
  2.  数组求最小值： min
  3.  数组求和： sum
  4.  获取浏览器样式前缀；
  5.  检测对象中是否包含某属性： has
  6.  判断是否为空 isEmpty
  7.  获取当前时间的时间戳： now
  8.	查找元素：querySelect
  9.	判断是否为dom元素：isElement
  10.	获取元素滚动距离：scrollTop
  11.	获取元素在整个页面中的位置；
  12.	判断两个元素是否相同，isEqual
  13. 时间转换成时间戳；